host: dtcmaclap06
Building DAG of jobs...
Using shell: /bin/bash
Provided cores: 1 (use --cores to define parallelism)
Rules claiming more threads will be scaled down.
Job stats:
job                         count
------------------------  -------
all                             1
fetch_supervisor_details        1
scrape_supervisors              1
total                           3

Select jobs to execute...
Execute 1 jobs...

[Fri Nov  1 17:27:18 2024]
localrule scrape_supervisors:
    output: supervisors.json
    jobid: 2
    reason: Forced execution
    resources: tmpdir=/var/folders/p3/0x4g95k94pj3wfjkpj38lhz40000gp/T

[Fri Nov  1 17:27:20 2024]
Finished job 2.
1 of 3 steps (33%) done
Select jobs to execute...
Execute 1 jobs...

[Fri Nov  1 17:27:20 2024]
localrule fetch_supervisor_details:
    input: supervisors.json
    output: detailed_supervisors.json
    jobid: 1
    reason: Forced execution
    resources: tmpdir=/var/folders/p3/0x4g95k94pj3wfjkpj38lhz40000gp/T

[Fri Nov  1 17:27:32 2024]
Finished job 1.
2 of 3 steps (67%) done
Select jobs to execute...
Execute 1 jobs...

[Fri Nov  1 17:27:32 2024]
localrule all:
    input: detailed_supervisors.json
    jobid: 0
    reason: Forced execution
    resources: tmpdir=/var/folders/p3/0x4g95k94pj3wfjkpj38lhz40000gp/T

[Fri Nov  1 17:27:32 2024]
Finished job 0.
3 of 3 steps (100%) done
Complete log: .snakemake/log/2024-11-01T172718.030161.snakemake.log
