host: dtcmaclap06
Building DAG of jobs...
Using shell: /bin/bash
Provided cores: 1 (use --cores to define parallelism)
Rules claiming more threads will be scaled down.
Job stats:
job                   count
------------------  -------
all                       1
scrape_supervisors        1
total                     2

Select jobs to execute...
Execute 1 jobs...

[Fri Nov  1 17:38:16 2024]
localrule scrape_supervisors:
    output: data/supervisors.json
    jobid: 1
    reason: Forced execution
    resources: tmpdir=/var/folders/p3/0x4g95k94pj3wfjkpj38lhz40000gp/T

[Fri Nov  1 17:38:19 2024]
Finished job 1.
1 of 2 steps (50%) done
Select jobs to execute...
Execute 1 jobs...

[Fri Nov  1 17:38:19 2024]
localrule all:
    input: data/supervisors.json
    jobid: 0
    reason: Forced execution
    resources: tmpdir=/var/folders/p3/0x4g95k94pj3wfjkpj38lhz40000gp/T

[Fri Nov  1 17:38:19 2024]
Finished job 0.
2 of 2 steps (100%) done
Complete log: .snakemake/log/2024-11-01T173816.305854.snakemake.log
