host: dtcmaclap06
Building DAG of jobs...
Using shell: /bin/bash
Provided cores: 1 (use --cores to define parallelism)
Rules claiming more threads will be scaled down.
Job stats:
job           count
----------  -------
all               1
plot_graph        1
total             2

Select jobs to execute...
Execute 1 jobs...

[Fri Nov  1 17:52:09 2024]
localrule plot_graph:
    input: data/supervisors_with_keywords.json
    output: graph.html
    jobid: 1
    reason: Missing output files: graph.html
    resources: tmpdir=/var/folders/p3/0x4g95k94pj3wfjkpj38lhz40000gp/T

[Fri Nov  1 17:52:14 2024]
Finished job 1.
1 of 2 steps (50%) done
Select jobs to execute...
Execute 1 jobs...

[Fri Nov  1 17:52:14 2024]
localrule all:
    input: graph.html
    jobid: 0
    reason: Input files updated by another job: graph.html
    resources: tmpdir=/var/folders/p3/0x4g95k94pj3wfjkpj38lhz40000gp/T

[Fri Nov  1 17:52:14 2024]
Finished job 0.
2 of 2 steps (100%) done
Complete log: .snakemake/log/2024-11-01T175209.171561.snakemake.log
