host: dtcmaclap06
Building DAG of jobs...
Using shell: /bin/bash
Provided cores: 1 (use --cores to define parallelism)
Rules claiming more threads will be scaled down.
Job stats:
job                         count
------------------------  -------
all                             1
extract_keywords                1
fetch_supervisor_details        1
plot_graph                      1
scrape_supervisors              1
total                           5

Select jobs to execute...
Execute 1 jobs...

[Fri Nov  1 17:55:39 2024]
localrule scrape_supervisors:
    output: data/supervisors.json
    jobid: 4
    reason: Forced execution
    resources: tmpdir=/var/folders/p3/0x4g95k94pj3wfjkpj38lhz40000gp/T

[Fri Nov  1 17:55:42 2024]
Finished job 4.
1 of 5 steps (20%) done
Select jobs to execute...
Execute 1 jobs...

[Fri Nov  1 17:55:42 2024]
localrule fetch_supervisor_details:
    input: data/supervisors.json
    output: data/detailed_supervisors.json
    jobid: 3
    reason: Forced execution
    resources: tmpdir=/var/folders/p3/0x4g95k94pj3wfjkpj38lhz40000gp/T

[Fri Nov  1 17:55:57 2024]
Finished job 3.
2 of 5 steps (40%) done
Select jobs to execute...
Execute 1 jobs...

[Fri Nov  1 17:55:57 2024]
localrule extract_keywords:
    input: data/detailed_supervisors.json
    output: data/supervisors_with_keywords.json
    jobid: 2
    reason: Forced execution
    resources: tmpdir=/var/folders/p3/0x4g95k94pj3wfjkpj38lhz40000gp/T

[Fri Nov  1 17:57:31 2024]
Finished job 2.
3 of 5 steps (60%) done
Select jobs to execute...
Execute 1 jobs...

[Fri Nov  1 17:57:31 2024]
localrule plot_graph:
    input: data/supervisors_with_keywords.json
    output: graph.html
    jobid: 1
    reason: Forced execution
    resources: tmpdir=/var/folders/p3/0x4g95k94pj3wfjkpj38lhz40000gp/T

[Fri Nov  1 17:57:36 2024]
Finished job 1.
4 of 5 steps (80%) done
Select jobs to execute...
Execute 1 jobs...

[Fri Nov  1 17:57:36 2024]
localrule all:
    input: graph.html
    jobid: 0
    reason: Forced execution
    resources: tmpdir=/var/folders/p3/0x4g95k94pj3wfjkpj38lhz40000gp/T

[Fri Nov  1 17:57:36 2024]
Finished job 0.
5 of 5 steps (100%) done
Complete log: .snakemake/log/2024-11-01T175539.919430.snakemake.log
