host: dtcmaclap06
Building DAG of jobs...
Using shell: /bin/bash
Provided cores: 1 (use --cores to define parallelism)
Rules claiming more threads will be scaled down.
Job stats:
job                         count
------------------------  -------
all                             1
fetch_supervisor_details        1
scrape_supervisors              1
total                           3

Select jobs to execute...
Execute 1 jobs...

[Fri Nov  1 17:26:45 2024]
localrule scrape_supervisors:
    output: supervisors.json
    jobid: 2
    reason: Forced execution
    resources: tmpdir=/var/folders/p3/0x4g95k94pj3wfjkpj38lhz40000gp/T

[Fri Nov  1 17:26:48 2024]
Finished job 2.
1 of 3 steps (33%) done
Select jobs to execute...
Execute 1 jobs...

[Fri Nov  1 17:26:48 2024]
localrule fetch_supervisor_details:
    input: supervisors.json
    output: detailed_supervisors.json
    jobid: 1
    reason: Forced execution
    resources: tmpdir=/var/folders/p3/0x4g95k94pj3wfjkpj38lhz40000gp/T

[Fri Nov  1 17:26:48 2024]
Error in rule fetch_supervisor_details:
    jobid: 1
    input: supervisors.json
    output: detailed_supervisors.json
    shell:
        python supervisor_details.py supervisors.json detailed_supervisors.json
        (one of the commands exited with non-zero exit code; note that snakemake uses bash strict mode!)

Shutting down, this might take some time.
Exiting because a job execution failed. Look above for error message
Complete log: .snakemake/log/2024-11-01T172645.695782.snakemake.log
WorkflowError:
At least one job did not complete successfully.
