host: dtcmaclap06
Building DAG of jobs...
Using shell: /bin/bash
Provided cores: 1 (use --cores to define parallelism)
Rules claiming more threads will be scaled down.
Job stats:
job                         count
------------------------  -------
all                             1
extract_keywords                1
fetch_supervisor_details        1
scrape_supervisors              1
total                           4

Select jobs to execute...
Execute 1 jobs...

[Fri Nov  1 17:33:24 2024]
localrule scrape_supervisors:
    output: supervisors.json
    jobid: 3
    reason: Forced execution
    resources: tmpdir=/var/folders/p3/0x4g95k94pj3wfjkpj38lhz40000gp/T

[Fri Nov  1 17:33:27 2024]
Finished job 3.
1 of 4 steps (25%) done
Select jobs to execute...
Execute 1 jobs...

[Fri Nov  1 17:33:27 2024]
localrule fetch_supervisor_details:
    input: supervisors.json
    output: detailed_supervisors.json
    jobid: 2
    reason: Forced execution
    resources: tmpdir=/var/folders/p3/0x4g95k94pj3wfjkpj38lhz40000gp/T

[Fri Nov  1 17:33:44 2024]
Finished job 2.
2 of 4 steps (50%) done
Select jobs to execute...
Execute 1 jobs...

[Fri Nov  1 17:33:44 2024]
localrule extract_keywords:
    input: detailed_supervisors.json
    output: supervisors_with_keywords.json
    jobid: 1
    reason: Forced execution
    resources: tmpdir=/var/folders/p3/0x4g95k94pj3wfjkpj38lhz40000gp/T

[Fri Nov  1 17:35:31 2024]
Finished job 1.
3 of 4 steps (75%) done
Select jobs to execute...
Execute 1 jobs...

[Fri Nov  1 17:35:31 2024]
localrule all:
    input: supervisors_with_keywords.json
    jobid: 0
    reason: Forced execution
    resources: tmpdir=/var/folders/p3/0x4g95k94pj3wfjkpj38lhz40000gp/T

[Fri Nov  1 17:35:31 2024]
Finished job 0.
4 of 4 steps (100%) done
Complete log: .snakemake/log/2024-11-01T173324.080235.snakemake.log
