host: dtcmaclap06
Building DAG of jobs...
Using shell: /bin/bash
Provided cores: 1 (use --cores to define parallelism)
Rules claiming more threads will be scaled down.
Job stats:
job                   count
------------------  -------
scrape_supervisors        1
total                     1

Select jobs to execute...
Execute 1 jobs...

[Fri Nov  1 17:16:17 2024]
localrule scrape_supervisors:
    output: supervisors.json
    jobid: 0
    reason: Forced execution
    resources: tmpdir=/var/folders/p3/0x4g95k94pj3wfjkpj38lhz40000gp/T

RuleException:
NameError in file /Users/cakir/Documents/projects/oxford-graph/Snakefile, line 9:
The name 'output' is unknown in this context. Please make sure that you defined that variable. Also note that braces not used for variable access have to be escaped by repeating them, i.e. {{print $1}}
[Fri Nov  1 17:16:17 2024]
Error in rule scrape_supervisors:
    jobid: 0
    output: supervisors.json

Shutting down, this might take some time.
Exiting because a job execution failed. Look above for error message
Complete log: .snakemake/log/2024-11-01T171617.646963.snakemake.log
WorkflowError:
At least one job did not complete successfully.
