host: dtcmaclap06
Building DAG of jobs...
Using shell: /bin/bash
Provided cores: 1 (use --cores to define parallelism)
Rules claiming more threads will be scaled down.
Job stats:
job           count
----------  -------
all               1
plot_graph        1
total             2

Select jobs to execute...
Execute 1 jobs...

[Fri Nov  1 17:47:45 2024]
localrule plot_graph:
    input: data/supervisors_with_keywords.json
    output: graph.html
    jobid: 1
    reason: Missing output files: graph.html
    resources: tmpdir=/var/folders/p3/0x4g95k94pj3wfjkpj38lhz40000gp/T

[Fri Nov  1 17:47:51 2024]
Error in rule plot_graph:
    jobid: 1
    input: data/supervisors_with_keywords.json
    output: graph.html
    shell:
        python plot_graph.py data/supervisors_with_keywords.json graph.html
        (one of the commands exited with non-zero exit code; note that snakemake uses bash strict mode!)

Shutting down, this might take some time.
Exiting because a job execution failed. Look above for error message
Complete log: .snakemake/log/2024-11-01T174745.095435.snakemake.log
WorkflowError:
At least one job did not complete successfully.
