host: dtcmaclap06
Building DAG of jobs...
Using shell: /bin/bash
Provided cores: 1 (use --cores to define parallelism)
Rules claiming more threads will be scaled down.
Job stats:
job                         count
------------------------  -------
all                             1
extract_keywords                1
fetch_supervisor_details        1
plot_graph                      1
scrape_supervisors              1
total                           5

Select jobs to execute...
Execute 1 jobs...

[Fri Nov  1 17:53:58 2024]
localrule scrape_supervisors:
    output: data/supervisors.json
    jobid: 4
    reason: Code has changed since last execution
    resources: tmpdir=/var/folders/p3/0x4g95k94pj3wfjkpj38lhz40000gp/T

[Fri Nov  1 17:54:01 2024]
Finished job 4.
1 of 5 steps (20%) done
Select jobs to execute...
Execute 1 jobs...

[Fri Nov  1 17:54:01 2024]
localrule fetch_supervisor_details:
    input: data/supervisors.json
    output: data/detailed_supervisors.json
    jobid: 3
    reason: Input files updated by another job: data/supervisors.json
    resources: tmpdir=/var/folders/p3/0x4g95k94pj3wfjkpj38lhz40000gp/T

[Fri Nov  1 17:54:16 2024]
Finished job 3.
2 of 5 steps (40%) done
Select jobs to execute...
Execute 1 jobs...

[Fri Nov  1 17:54:16 2024]
localrule extract_keywords:
    input: data/detailed_supervisors.json
    output: data/supervisors_with_keywords.json
    jobid: 2
    reason: Input files updated by another job: data/detailed_supervisors.json
    resources: tmpdir=/var/folders/p3/0x4g95k94pj3wfjkpj38lhz40000gp/T

Terminating processes on user request, this might take some time.
[Fri Nov  1 17:55:33 2024]
Error in rule extract_keywords:
    jobid: 2
    input: data/detailed_supervisors.json
    output: data/supervisors_with_keywords.json
    shell:
        python src/extract_keywords.py data/detailed_supervisors.json data/supervisors_with_keywords.json
        (one of the commands exited with non-zero exit code; note that snakemake uses bash strict mode!)

Complete log: .snakemake/log/2024-11-01T175358.183387.snakemake.log
WorkflowError:
At least one job did not complete successfully.
