host: dtcmaclap06
Building DAG of jobs...
Using shell: /bin/bash
Provided cores: 1 (use --cores to define parallelism)
Rules claiming more threads will be scaled down.
Job stats:
job                         count
------------------------  -------
all                             1
extract_keywords                1
fetch_supervisor_details        1
plot_graph                      1
scrape_supervisors              1
total                           5

Select jobs to execute...
Execute 1 jobs...

[Fri Nov  1 17:43:54 2024]
localrule scrape_supervisors:
    output: data/supervisors.json
    jobid: 4
    reason: Forced execution
    resources: tmpdir=/var/folders/p3/0x4g95k94pj3wfjkpj38lhz40000gp/T

[Fri Nov  1 17:43:57 2024]
Finished job 4.
1 of 5 steps (20%) done
Select jobs to execute...
Execute 1 jobs...

[Fri Nov  1 17:43:57 2024]
localrule fetch_supervisor_details:
    input: data/supervisors.json
    output: data/detailed_supervisors.json
    jobid: 3
    reason: Forced execution
    resources: tmpdir=/var/folders/p3/0x4g95k94pj3wfjkpj38lhz40000gp/T

[Fri Nov  1 17:44:11 2024]
Finished job 3.
2 of 5 steps (40%) done
Select jobs to execute...
Execute 1 jobs...

[Fri Nov  1 17:44:11 2024]
localrule extract_keywords:
    input: data/detailed_supervisors.json
    output: data/supervisors_with_keywords.json
    jobid: 2
    reason: Forced execution
    resources: tmpdir=/var/folders/p3/0x4g95k94pj3wfjkpj38lhz40000gp/T

[Fri Nov  1 17:45:53 2024]
Finished job 2.
3 of 5 steps (60%) done
Select jobs to execute...
Execute 1 jobs...

[Fri Nov  1 17:45:53 2024]
localrule plot_graph:
    input: data/supervisors_with_keywords.json
    output: graph.html
    jobid: 1
    reason: Forced execution
    resources: tmpdir=/var/folders/p3/0x4g95k94pj3wfjkpj38lhz40000gp/T

[Fri Nov  1 17:45:53 2024]
Error in rule plot_graph:
    jobid: 1
    input: data/supervisors_with_keywords.json
    output: graph.html
    shell:
        python plot_graph.py data/supervisors_with_keywords.json graph.html
        (one of the commands exited with non-zero exit code; note that snakemake uses bash strict mode!)

Shutting down, this might take some time.
Exiting because a job execution failed. Look above for error message
Complete log: .snakemake/log/2024-11-01T174354.128585.snakemake.log
WorkflowError:
At least one job did not complete successfully.
